[debug] [2024-04-23T12:07:37.529Z] ----------------------------------------------------------------------
[debug] [2024-04-23T12:07:37.533Z] Command:       C:\Program Files\nodejs\node.exe C:\Users\sai\AppData\Roaming\npm\node_modules\firebase-tools\lib\bin\firebase.js init
[debug] [2024-04-23T12:07:37.533Z] CLI Version:   13.6.1
[debug] [2024-04-23T12:07:37.534Z] Platform:      win32
[debug] [2024-04-23T12:07:37.534Z] Node Version:  v20.10.0
[debug] [2024-04-23T12:07:37.534Z] Time:          Tue Apr 23 2024 17:37:37 GMT+0530 (India Standard Time)
[debug] [2024-04-23T12:07:37.534Z] ----------------------------------------------------------------------
[debug] 
[debug] [2024-04-23T12:07:37.662Z] > command requires scopes: ["email","openid","https://www.googleapis.com/auth/cloudplatformprojects.readonly","https://www.googleapis.com/auth/firebase","https://www.googleapis.com/auth/cloud-platform"]
[debug] [2024-04-23T12:07:37.663Z] > authorizing via signed-in user (sam9910333@gmail.com)
[info] 
     ######## #### ########  ######## ########     ###     ######  ########
     ##        ##  ##     ## ##       ##     ##  ##   ##  ##       ##
     ######    ##  ########  ######   ########  #########  ######  ######
     ##        ##  ##    ##  ##       ##     ## ##     ##       ## ##
     ##       #### ##     ## ######## ########  ##     ##  ######  ########

You're about to initialize a Firebase project in this directory:

  C:\Users\sai\Desktop\facebook-clone\Facebook-Clone\facebook-clone

Before we get started, keep in mind:

  * You are initializing within an existing Firebase project directory

[info] 
=== Project Setup
[info] 
[info] First, let's associate this project directory with a Firebase project.
[info] You can create multiple project aliases by running firebase use --add, 
[info] but for now we'll just set up a default project.
[info] 
[debug] [2024-04-23T12:07:47.027Z] Using project from CLI flag: facebook-clone-7ff4a
[debug] [2024-04-23T12:07:47.038Z] >>> [apiv2][query] GET https://firebase.googleapis.com/v1beta1/projects/facebook-clone-7ff4a [none]
[debug] [2024-04-23T12:07:47.802Z] <<< [apiv2][status] GET https://firebase.googleapis.com/v1beta1/projects/facebook-clone-7ff4a 200
[debug] [2024-04-23T12:07:47.802Z] <<< [apiv2][body] GET https://firebase.googleapis.com/v1beta1/projects/facebook-clone-7ff4a {"projectId":"facebook-clone-7ff4a","projectNumber":"539624084118","displayName":"facebook-clone","name":"projects/facebook-clone-7ff4a","resources":{"hostingSite":"facebook-clone-7ff4a","storageBucket":"facebook-clone-7ff4a.appspot.com","locationId":"us-central"},"state":"ACTIVE","etag":"1_acb2a538-375b-497f-b5fb-6dd045712895"}
[info] i  Using project facebook-clone-7ff4a (facebook-clone) 
[info] 
=== Hosting Setup
[debug] [2024-04-23T12:07:47.820Z] >>> [apiv2][query] GET https://firebase.googleapis.com/v1beta1/projects/facebook-clone-7ff4a [none]
[debug] [2024-04-23T12:07:48.194Z] <<< [apiv2][status] GET https://firebase.googleapis.com/v1beta1/projects/facebook-clone-7ff4a 200
[debug] [2024-04-23T12:07:48.194Z] <<< [apiv2][body] GET https://firebase.googleapis.com/v1beta1/projects/facebook-clone-7ff4a {"projectId":"facebook-clone-7ff4a","projectNumber":"539624084118","displayName":"facebook-clone","name":"projects/facebook-clone-7ff4a","resources":{"hostingSite":"facebook-clone-7ff4a","storageBucket":"facebook-clone-7ff4a.appspot.com","locationId":"us-central"},"state":"ACTIVE","etag":"1_acb2a538-375b-497f-b5fb-6dd045712895"}
[info] 
[info] Your public directory is the folder (relative to your project directory) that
[info] will contain Hosting assets to be uploaded with firebase deploy. If you
[info] have a build process for your assets, use your build's output directory.
[info] 
